2025-05-04 02:04:06 INFO  org.example.App - Starting App using Java 21.0.6 with PID 53101 (/Users/alex/Desktop/java/репозитории/проекты/checker/target/classes started by alex in /Users/alex/Desktop/java/репозитории/проекты/checker)
2025-05-04 02:04:06 INFO  org.example.App - No active profile set, falling back to 1 default profile: "default"
2025-05-04 02:04:06 INFO  o.s.d.r.c.RepositoryConfigurationDelegate - Bootstrapping Spring Data JPA repositories in DEFAULT mode.
2025-05-04 02:04:06 INFO  o.s.d.r.c.RepositoryConfigurationDelegate - Finished Spring Data repository scanning in 24 ms. Found 2 JPA repository interfaces.
2025-05-04 02:04:07 INFO  o.h.jpa.internal.util.LogHelper - HHH000204: Processing PersistenceUnitInfo [name: default]
2025-05-04 02:04:07 INFO  org.hibernate.Version - HHH000412: Hibernate ORM core version 6.4.4.Final
2025-05-04 02:04:07 INFO  o.h.c.i.RegionFactoryInitiator - HHH000026: Second-level cache disabled
2025-05-04 02:04:07 INFO  o.s.o.j.p.SpringPersistenceUnitInfo - No LoadTimeWeaver setup: ignoring JPA class transformer
2025-05-04 02:04:07 INFO  com.zaxxer.hikari.HikariDataSource - HikariPool-1 - Starting...
2025-05-04 02:04:07 INFO  com.zaxxer.hikari.pool.HikariPool - HikariPool-1 - Added connection org.postgresql.jdbc.PgConnection@4052b19f
2025-05-04 02:04:07 INFO  com.zaxxer.hikari.HikariDataSource - HikariPool-1 - Start completed.
2025-05-04 02:04:07 WARN  org.hibernate.orm.deprecation - HHH90000025: PostgreSQLDialect does not need to be specified explicitly using 'hibernate.dialect' (remove the property setting and it will be selected by default)
2025-05-04 02:04:07 INFO  o.h.e.t.j.p.i.JtaPlatformInitiator - HHH000489: No JTA platform available (set 'hibernate.transaction.jta.platform' to enable JTA platform integration)
2025-05-04 02:04:07 INFO  o.s.o.j.LocalContainerEntityManagerFactoryBean - Initialized JPA EntityManagerFactory for persistence unit 'default'
2025-05-04 02:04:07 INFO  o.s.d.j.r.query.QueryEnhancerFactory - Hibernate is in classpath; If applicable, HQL parser will be used.
2025-05-04 02:04:08 WARN  o.s.c.a.AnnotationConfigApplicationContext - Exception encountered during context initialization - cancelling refresh attempt: org.springframework.beans.factory.UnsatisfiedDependencyException: Error creating bean with name 'TGBot' defined in file [/Users/alex/Desktop/java/репозитории/проекты/checker/target/classes/org/example/controller/TGBot.class]: Unsatisfied dependency expressed through constructor parameter 1: Error creating bean with name 'findByOwnerCommandHandler' defined in file [/Users/alex/Desktop/java/репозитории/проекты/checker/target/classes/org/example/handlers/FindByOwnerCommandHandler.class]: Unsatisfied dependency expressed through constructor parameter 0: Error creating bean with name 'propertyService' defined in file [/Users/alex/Desktop/java/репозитории/проекты/checker/target/classes/org/example/service/PropertyService.class]: Unsatisfied dependency expressed through constructor parameter 0: Error creating bean with name 'propertyRepository' defined in org.example.repository.PropertyRepository defined in @EnableJpaRepositories declared on JpaRepositoriesRegistrar.EnableJpaRepositoriesConfiguration: Could not create query for public abstract java.util.List org.example.repository.PropertyRepository.getByQuantity(java.lang.Integer,org.example.model.Type,java.lang.Integer); Reason: Validation failed for query for method public abstract java.util.List org.example.repository.PropertyRepository.getByQuantity(java.lang.Integer,org.example.model.Type,java.lang.Integer)
2025-05-04 02:04:08 INFO  o.s.o.j.LocalContainerEntityManagerFactoryBean - Closing JPA EntityManagerFactory for persistence unit 'default'
2025-05-04 02:04:08 INFO  com.zaxxer.hikari.HikariDataSource - HikariPool-1 - Shutdown initiated...
2025-05-04 02:04:08 INFO  com.zaxxer.hikari.HikariDataSource - HikariPool-1 - Shutdown completed.
2025-05-04 02:04:08 INFO  o.s.b.a.l.ConditionEvaluationReportLogger - 

Error starting ApplicationContext. To display the condition evaluation report re-run your application with 'debug' enabled.
2025-05-04 02:04:08 ERROR o.s.boot.SpringApplication - Application run failed
org.springframework.beans.factory.UnsatisfiedDependencyException: Error creating bean with name 'TGBot' defined in file [/Users/alex/Desktop/java/репозитории/проекты/checker/target/classes/org/example/controller/TGBot.class]: Unsatisfied dependency expressed through constructor parameter 1: Error creating bean with name 'findByOwnerCommandHandler' defined in file [/Users/alex/Desktop/java/репозитории/проекты/checker/target/classes/org/example/handlers/FindByOwnerCommandHandler.class]: Unsatisfied dependency expressed through constructor parameter 0: Error creating bean with name 'propertyService' defined in file [/Users/alex/Desktop/java/репозитории/проекты/checker/target/classes/org/example/service/PropertyService.class]: Unsatisfied dependency expressed through constructor parameter 0: Error creating bean with name 'propertyRepository' defined in org.example.repository.PropertyRepository defined in @EnableJpaRepositories declared on JpaRepositoriesRegistrar.EnableJpaRepositoriesConfiguration: Could not create query for public abstract java.util.List org.example.repository.PropertyRepository.getByQuantity(java.lang.Integer,org.example.model.Type,java.lang.Integer); Reason: Validation failed for query for method public abstract java.util.List org.example.repository.PropertyRepository.getByQuantity(java.lang.Integer,org.example.model.Type,java.lang.Integer)
	at org.springframework.beans.factory.support.ConstructorResolver.createArgumentArray(ConstructorResolver.java:795)
	at org.springframework.beans.factory.support.ConstructorResolver.autowireConstructor(ConstructorResolver.java:237)
	at org.springframework.beans.factory.support.AbstractAutowireCapableBeanFactory.autowireConstructor(AbstractAutowireCapableBeanFactory.java:1355)
	at org.springframework.beans.factory.support.AbstractAutowireCapableBeanFactory.createBeanInstance(AbstractAutowireCapableBeanFactory.java:1192)
	at org.springframework.beans.factory.support.AbstractAutowireCapableBeanFactory.doCreateBean(AbstractAutowireCapableBeanFactory.java:562)
	at org.springframework.beans.factory.support.AbstractAutowireCapableBeanFactory.createBean(AbstractAutowireCapableBeanFactory.java:522)
	at org.springframework.beans.factory.support.AbstractBeanFactory.lambda$doGetBean$0(AbstractBeanFactory.java:326)
	at org.springframework.beans.factory.support.DefaultSingletonBeanRegistry.getSingleton(DefaultSingletonBeanRegistry.java:234)
	at org.springframework.beans.factory.support.AbstractBeanFactory.doGetBean(AbstractBeanFactory.java:324)
	at org.springframework.beans.factory.support.AbstractBeanFactory.getBean(AbstractBeanFactory.java:200)
	at org.springframework.beans.factory.support.DefaultListableBeanFactory.preInstantiateSingletons(DefaultListableBeanFactory.java:975)
	at org.springframework.context.support.AbstractApplicationContext.finishBeanFactoryInitialization(AbstractApplicationContext.java:962)
	at org.springframework.context.support.AbstractApplicationContext.refresh(AbstractApplicationContext.java:624)
	at org.springframework.boot.SpringApplication.refresh(SpringApplication.java:754)
	at org.springframework.boot.SpringApplication.refreshContext(SpringApplication.java:456)
	at org.springframework.boot.SpringApplication.run(SpringApplication.java:334)
	at org.springframework.boot.builder.SpringApplicationBuilder.run(SpringApplicationBuilder.java:149)
	at org.example.App.main(App.java:24)
Caused by: org.springframework.beans.factory.UnsatisfiedDependencyException: Error creating bean with name 'findByOwnerCommandHandler' defined in file [/Users/alex/Desktop/java/репозитории/проекты/checker/target/classes/org/example/handlers/FindByOwnerCommandHandler.class]: Unsatisfied dependency expressed through constructor parameter 0: Error creating bean with name 'propertyService' defined in file [/Users/alex/Desktop/java/репозитории/проекты/checker/target/classes/org/example/service/PropertyService.class]: Unsatisfied dependency expressed through constructor parameter 0: Error creating bean with name 'propertyRepository' defined in org.example.repository.PropertyRepository defined in @EnableJpaRepositories declared on JpaRepositoriesRegistrar.EnableJpaRepositoriesConfiguration: Could not create query for public abstract java.util.List org.example.repository.PropertyRepository.getByQuantity(java.lang.Integer,org.example.model.Type,java.lang.Integer); Reason: Validation failed for query for method public abstract java.util.List org.example.repository.PropertyRepository.getByQuantity(java.lang.Integer,org.example.model.Type,java.lang.Integer)
	at org.springframework.beans.factory.support.ConstructorResolver.createArgumentArray(ConstructorResolver.java:795)
	at org.springframework.beans.factory.support.ConstructorResolver.autowireConstructor(ConstructorResolver.java:237)
	at org.springframework.beans.factory.support.AbstractAutowireCapableBeanFactory.autowireConstructor(AbstractAutowireCapableBeanFactory.java:1355)
	at org.springframework.beans.factory.support.AbstractAutowireCapableBeanFactory.createBeanInstance(AbstractAutowireCapableBeanFactory.java:1192)
	at org.springframework.beans.factory.support.AbstractAutowireCapableBeanFactory.doCreateBean(AbstractAutowireCapableBeanFactory.java:562)
	at org.springframework.beans.factory.support.AbstractAutowireCapableBeanFactory.createBean(AbstractAutowireCapableBeanFactory.java:522)
	at org.springframework.beans.factory.support.AbstractBeanFactory.lambda$doGetBean$0(AbstractBeanFactory.java:326)
	at org.springframework.beans.factory.support.DefaultSingletonBeanRegistry.getSingleton(DefaultSingletonBeanRegistry.java:234)
	at org.springframework.beans.factory.support.AbstractBeanFactory.doGetBean(AbstractBeanFactory.java:324)
	at org.springframework.beans.factory.support.AbstractBeanFactory.getBean(AbstractBeanFactory.java:200)
	at org.springframework.beans.factory.config.DependencyDescriptor.resolveCandidate(DependencyDescriptor.java:254)
	at org.springframework.beans.factory.support.DefaultListableBeanFactory.addCandidateEntry(DefaultListableBeanFactory.java:1689)
	at org.springframework.beans.factory.support.DefaultListableBeanFactory.findAutowireCandidates(DefaultListableBeanFactory.java:1653)
	at org.springframework.beans.factory.support.DefaultListableBeanFactory.resolveMultipleBeanCollection(DefaultListableBeanFactory.java:1543)
	at org.springframework.beans.factory.support.DefaultListableBeanFactory.resolveMultipleBeans(DefaultListableBeanFactory.java:1511)
	at org.springframework.beans.factory.support.DefaultListableBeanFactory.doResolveDependency(DefaultListableBeanFactory.java:1392)
	at org.springframework.beans.factory.support.DefaultListableBeanFactory.resolveDependency(DefaultListableBeanFactory.java:1353)
	at org.springframework.beans.factory.support.ConstructorResolver.resolveAutowiredArgument(ConstructorResolver.java:904)
	at org.springframework.beans.factory.support.ConstructorResolver.createArgumentArray(ConstructorResolver.java:782)
	... 17 common frames omitted
Caused by: org.springframework.beans.factory.UnsatisfiedDependencyException: Error creating bean with name 'propertyService' defined in file [/Users/alex/Desktop/java/репозитории/проекты/checker/target/classes/org/example/service/PropertyService.class]: Unsatisfied dependency expressed through constructor parameter 0: Error creating bean with name 'propertyRepository' defined in org.example.repository.PropertyRepository defined in @EnableJpaRepositories declared on JpaRepositoriesRegistrar.EnableJpaRepositoriesConfiguration: Could not create query for public abstract java.util.List org.example.repository.PropertyRepository.getByQuantity(java.lang.Integer,org.example.model.Type,java.lang.Integer); Reason: Validation failed for query for method public abstract java.util.List org.example.repository.PropertyRepository.getByQuantity(java.lang.Integer,org.example.model.Type,java.lang.Integer)
	at org.springframework.beans.factory.support.ConstructorResolver.createArgumentArray(ConstructorResolver.java:795)
	at org.springframework.beans.factory.support.ConstructorResolver.autowireConstructor(ConstructorResolver.java:237)
	at org.springframework.beans.factory.support.AbstractAutowireCapableBeanFactory.autowireConstructor(AbstractAutowireCapableBeanFactory.java:1355)
	at org.springframework.beans.factory.support.AbstractAutowireCapableBeanFactory.createBeanInstance(AbstractAutowireCapableBeanFactory.java:1192)
	at org.springframework.beans.factory.support.AbstractAutowireCapableBeanFactory.doCreateBean(AbstractAutowireCapableBeanFactory.java:562)
	at org.springframework.beans.factory.support.AbstractAutowireCapableBeanFactory.createBean(AbstractAutowireCapableBeanFactory.java:522)
	at org.springframework.beans.factory.support.AbstractBeanFactory.lambda$doGetBean$0(AbstractBeanFactory.java:326)
	at org.springframework.beans.factory.support.DefaultSingletonBeanRegistry.getSingleton(DefaultSingletonBeanRegistry.java:234)
	at org.springframework.beans.factory.support.AbstractBeanFactory.doGetBean(AbstractBeanFactory.java:324)
	at org.springframework.beans.factory.support.AbstractBeanFactory.getBean(AbstractBeanFactory.java:200)
	at org.springframework.beans.factory.config.DependencyDescriptor.resolveCandidate(DependencyDescriptor.java:254)
	at org.springframework.beans.factory.support.DefaultListableBeanFactory.doResolveDependency(DefaultListableBeanFactory.java:1443)
	at org.springframework.beans.factory.support.DefaultListableBeanFactory.resolveDependency(DefaultListableBeanFactory.java:1353)
	at org.springframework.beans.factory.support.ConstructorResolver.resolveAutowiredArgument(ConstructorResolver.java:904)
	at org.springframework.beans.factory.support.ConstructorResolver.createArgumentArray(ConstructorResolver.java:782)
	... 35 common frames omitted
Caused by: org.springframework.beans.factory.BeanCreationException: Error creating bean with name 'propertyRepository' defined in org.example.repository.PropertyRepository defined in @EnableJpaRepositories declared on JpaRepositoriesRegistrar.EnableJpaRepositoriesConfiguration: Could not create query for public abstract java.util.List org.example.repository.PropertyRepository.getByQuantity(java.lang.Integer,org.example.model.Type,java.lang.Integer); Reason: Validation failed for query for method public abstract java.util.List org.example.repository.PropertyRepository.getByQuantity(java.lang.Integer,org.example.model.Type,java.lang.Integer)
	at org.springframework.beans.factory.support.AbstractAutowireCapableBeanFactory.initializeBean(AbstractAutowireCapableBeanFactory.java:1786)
	at org.springframework.beans.factory.support.AbstractAutowireCapableBeanFactory.doCreateBean(AbstractAutowireCapableBeanFactory.java:600)
	at org.springframework.beans.factory.support.AbstractAutowireCapableBeanFactory.createBean(AbstractAutowireCapableBeanFactory.java:522)
	at org.springframework.beans.factory.support.AbstractBeanFactory.lambda$doGetBean$0(AbstractBeanFactory.java:326)
	at org.springframework.beans.factory.support.DefaultSingletonBeanRegistry.getSingleton(DefaultSingletonBeanRegistry.java:234)
	at org.springframework.beans.factory.support.AbstractBeanFactory.doGetBean(AbstractBeanFactory.java:324)
	at org.springframework.beans.factory.support.AbstractBeanFactory.getBean(AbstractBeanFactory.java:200)
	at org.springframework.beans.factory.config.DependencyDescriptor.resolveCandidate(DependencyDescriptor.java:254)
	at org.springframework.beans.factory.support.DefaultListableBeanFactory.doResolveDependency(DefaultListableBeanFactory.java:1443)
	at org.springframework.beans.factory.support.DefaultListableBeanFactory.resolveDependency(DefaultListableBeanFactory.java:1353)
	at org.springframework.beans.factory.support.ConstructorResolver.resolveAutowiredArgument(ConstructorResolver.java:904)
	at org.springframework.beans.factory.support.ConstructorResolver.createArgumentArray(ConstructorResolver.java:782)
	... 49 common frames omitted
Caused by: org.springframework.data.repository.query.QueryCreationException: Could not create query for public abstract java.util.List org.example.repository.PropertyRepository.getByQuantity(java.lang.Integer,org.example.model.Type,java.lang.Integer); Reason: Validation failed for query for method public abstract java.util.List org.example.repository.PropertyRepository.getByQuantity(java.lang.Integer,org.example.model.Type,java.lang.Integer)
	at org.springframework.data.repository.query.QueryCreationException.create(QueryCreationException.java:101)
	at org.springframework.data.repository.core.support.QueryExecutorMethodInterceptor.lookupQuery(QueryExecutorMethodInterceptor.java:115)
	at org.springframework.data.repository.core.support.QueryExecutorMethodInterceptor.mapMethodsToQuery(QueryExecutorMethodInterceptor.java:99)
	at org.springframework.data.repository.core.support.QueryExecutorMethodInterceptor.lambda$new$0(QueryExecutorMethodInterceptor.java:88)
	at java.base/java.util.Optional.map(Optional.java:260)
	at org.springframework.data.repository.core.support.QueryExecutorMethodInterceptor.<init>(QueryExecutorMethodInterceptor.java:88)
	at org.springframework.data.repository.core.support.RepositoryFactorySupport.getRepository(RepositoryFactorySupport.java:357)
	at org.springframework.data.repository.core.support.RepositoryFactoryBeanSupport.lambda$afterPropertiesSet$5(RepositoryFactoryBeanSupport.java:279)
	at org.springframework.data.util.Lazy.getNullable(Lazy.java:135)
	at org.springframework.data.util.Lazy.get(Lazy.java:113)
	at org.springframework.data.repository.core.support.RepositoryFactoryBeanSupport.afterPropertiesSet(RepositoryFactoryBeanSupport.java:285)
	at org.springframework.data.jpa.repository.support.JpaRepositoryFactoryBean.afterPropertiesSet(JpaRepositoryFactoryBean.java:132)
	at org.springframework.beans.factory.support.AbstractAutowireCapableBeanFactory.invokeInitMethods(AbstractAutowireCapableBeanFactory.java:1833)
	at org.springframework.beans.factory.support.AbstractAutowireCapableBeanFactory.initializeBean(AbstractAutowireCapableBeanFactory.java:1782)
	... 60 common frames omitted
Caused by: java.lang.IllegalArgumentException: Validation failed for query for method public abstract java.util.List org.example.repository.PropertyRepository.getByQuantity(java.lang.Integer,org.example.model.Type,java.lang.Integer)
	at org.springframework.data.jpa.repository.query.SimpleJpaQuery.validateQuery(SimpleJpaQuery.java:100)
	at org.springframework.data.jpa.repository.query.SimpleJpaQuery.<init>(SimpleJpaQuery.java:70)
	at org.springframework.data.jpa.repository.query.JpaQueryFactory.fromMethodWithQueryString(JpaQueryFactory.java:60)
	at org.springframework.data.jpa.repository.query.JpaQueryLookupStrategy$DeclaredQueryLookupStrategy.resolveQuery(JpaQueryLookupStrategy.java:170)
	at org.springframework.data.jpa.repository.query.JpaQueryLookupStrategy$CreateIfNotFoundQueryLookupStrategy.resolveQuery(JpaQueryLookupStrategy.java:252)
	at org.springframework.data.jpa.repository.query.JpaQueryLookupStrategy$AbstractQueryLookupStrategy.resolveQuery(JpaQueryLookupStrategy.java:95)
	at org.springframework.data.repository.core.support.QueryExecutorMethodInterceptor.lookupQuery(QueryExecutorMethodInterceptor.java:111)
	... 72 common frames omitted
Caused by: java.lang.IllegalArgumentException: org.hibernate.query.SyntaxException: At 8:48 and token ';', mismatched input ';', expecting one of the following tokens: ')', '+', '-', '*', '/', '%', '||', AND, BY, DAY, EPOCH, HOUR, MINUTE, MONTH, NANOSECOND, OR, ORDER, QUARTER, SECOND, WEEK, YEAR [    select p
    from Property p
    where p.owner in (select pr.owner
                    from Property pr
                    where pr.key.serverNumber = :server
                      and pr.key.type like :type
                    group by pr.owner
                    having count(*) = :quantity);
]
	at org.hibernate.internal.ExceptionConverterImpl.convert(ExceptionConverterImpl.java:143)
	at org.hibernate.internal.ExceptionConverterImpl.convert(ExceptionConverterImpl.java:167)
	at org.hibernate.internal.ExceptionConverterImpl.convert(ExceptionConverterImpl.java:173)
	at org.hibernate.internal.AbstractSharedSessionContract.createQuery(AbstractSharedSessionContract.java:848)
	at org.hibernate.internal.AbstractSharedSessionContract.createQuery(AbstractSharedSessionContract.java:753)
	at org.hibernate.internal.AbstractSharedSessionContract.createQuery(AbstractSharedSessionContract.java:136)
	at java.base/jdk.internal.reflect.DirectMethodHandleAccessor.invoke(DirectMethodHandleAccessor.java:103)
	at java.base/java.lang.reflect.Method.invoke(Method.java:580)
	at org.springframework.orm.jpa.ExtendedEntityManagerCreator$ExtendedEntityManagerInvocationHandler.invoke(ExtendedEntityManagerCreator.java:364)
	at jdk.proxy2/jdk.proxy2.$Proxy107.createQuery(Unknown Source)
	at org.springframework.data.jpa.repository.query.SimpleJpaQuery.validateQuery(SimpleJpaQuery.java:94)
	... 78 common frames omitted
Caused by: org.hibernate.query.SyntaxException: At 8:48 and token ';', mismatched input ';', expecting one of the following tokens: ')', '+', '-', '*', '/', '%', '||', AND, BY, DAY, EPOCH, HOUR, MINUTE, MONTH, NANOSECOND, OR, ORDER, QUARTER, SECOND, WEEK, YEAR [    select p
    from Property p
    where p.owner in (select pr.owner
                    from Property pr
                    where pr.key.serverNumber = :server
                      and pr.key.type like :type
                    group by pr.owner
                    having count(*) = :quantity);
]
	at org.hibernate.query.hql.internal.StandardHqlTranslator$1.syntaxError(StandardHqlTranslator.java:108)
	at org.antlr.v4.runtime.ProxyErrorListener.syntaxError(ProxyErrorListener.java:41)
	at org.antlr.v4.runtime.Parser.notifyErrorListeners(Parser.java:544)
	at org.antlr.v4.runtime.DefaultErrorStrategy.reportInputMismatch(DefaultErrorStrategy.java:327)
	at org.antlr.v4.runtime.DefaultErrorStrategy.reportError(DefaultErrorStrategy.java:139)
	at org.hibernate.grammars.hql.HqlParser.statement(HqlParser.java:367)
	at org.hibernate.query.hql.internal.StandardHqlTranslator.parseHql(StandardHqlTranslator.java:143)
	at org.hibernate.query.hql.internal.StandardHqlTranslator.translate(StandardHqlTranslator.java:67)
	at org.hibernate.query.internal.QueryInterpretationCacheStandardImpl.createHqlInterpretation(QueryInterpretationCacheStandardImpl.java:165)
	at org.hibernate.query.internal.QueryInterpretationCacheStandardImpl.resolveHqlInterpretation(QueryInterpretationCacheStandardImpl.java:147)
	at org.hibernate.internal.AbstractSharedSessionContract.interpretHql(AbstractSharedSessionContract.java:790)
	at org.hibernate.internal.AbstractSharedSessionContract.createQuery(AbstractSharedSessionContract.java:840)
	... 85 common frames omitted
2025-05-04 02:05:08 INFO  org.example.App - Starting App using Java 21.0.6 with PID 53128 (/Users/alex/Desktop/java/репозитории/проекты/checker/target/classes started by alex in /Users/alex/Desktop/java/репозитории/проекты/checker)
2025-05-04 02:05:08 INFO  org.example.App - No active profile set, falling back to 1 default profile: "default"
2025-05-04 02:05:09 INFO  o.s.d.r.c.RepositoryConfigurationDelegate - Bootstrapping Spring Data JPA repositories in DEFAULT mode.
2025-05-04 02:05:09 INFO  o.s.d.r.c.RepositoryConfigurationDelegate - Finished Spring Data repository scanning in 20 ms. Found 2 JPA repository interfaces.
2025-05-04 02:05:09 INFO  o.h.jpa.internal.util.LogHelper - HHH000204: Processing PersistenceUnitInfo [name: default]
2025-05-04 02:05:09 INFO  org.hibernate.Version - HHH000412: Hibernate ORM core version 6.4.4.Final
2025-05-04 02:05:09 INFO  o.h.c.i.RegionFactoryInitiator - HHH000026: Second-level cache disabled
2025-05-04 02:05:09 INFO  o.s.o.j.p.SpringPersistenceUnitInfo - No LoadTimeWeaver setup: ignoring JPA class transformer
2025-05-04 02:05:09 INFO  com.zaxxer.hikari.HikariDataSource - HikariPool-1 - Starting...
2025-05-04 02:05:09 INFO  com.zaxxer.hikari.pool.HikariPool - HikariPool-1 - Added connection org.postgresql.jdbc.PgConnection@38a4e2b0
2025-05-04 02:05:09 INFO  com.zaxxer.hikari.HikariDataSource - HikariPool-1 - Start completed.
2025-05-04 02:05:09 WARN  org.hibernate.orm.deprecation - HHH90000025: PostgreSQLDialect does not need to be specified explicitly using 'hibernate.dialect' (remove the property setting and it will be selected by default)
2025-05-04 02:05:09 INFO  o.h.e.t.j.p.i.JtaPlatformInitiator - HHH000489: No JTA platform available (set 'hibernate.transaction.jta.platform' to enable JTA platform integration)
2025-05-04 02:05:09 INFO  o.s.o.j.LocalContainerEntityManagerFactoryBean - Initialized JPA EntityManagerFactory for persistence unit 'default'
2025-05-04 02:05:09 INFO  o.s.d.j.r.query.QueryEnhancerFactory - Hibernate is in classpath; If applicable, HQL parser will be used.
2025-05-04 02:05:11 INFO  org.quartz.impl.StdSchedulerFactory - Using default implementation for ThreadExecutor
2025-05-04 02:05:11 INFO  o.quartz.core.SchedulerSignalerImpl - Initialized Scheduler Signaller of type: class org.quartz.core.SchedulerSignalerImpl
2025-05-04 02:05:11 INFO  org.quartz.core.QuartzScheduler - Quartz Scheduler v.2.3.2 created.
2025-05-04 02:05:11 INFO  org.quartz.simpl.RAMJobStore - RAMJobStore initialized.
2025-05-04 02:05:11 INFO  org.quartz.core.QuartzScheduler - Scheduler meta-data: Quartz Scheduler (v2.3.2) 'quartzScheduler' with instanceId 'NON_CLUSTERED'
  Scheduler class: 'org.quartz.core.QuartzScheduler' - running locally.
  NOT STARTED.
  Currently in standby mode.
  Number of jobs executed: 0
  Using thread pool 'org.quartz.simpl.SimpleThreadPool' - with 10 threads.
  Using job-store 'org.quartz.simpl.RAMJobStore' - which does not support persistence. and is not clustered.

2025-05-04 02:05:11 INFO  org.quartz.impl.StdSchedulerFactory - Quartz scheduler 'quartzScheduler' initialized from an externally provided properties instance.
2025-05-04 02:05:11 INFO  org.quartz.impl.StdSchedulerFactory - Quartz scheduler version: 2.3.2
2025-05-04 02:05:11 INFO  org.quartz.core.QuartzScheduler - JobFactory set to: org.springframework.scheduling.quartz.SpringBeanJobFactory@f573dcb
2025-05-04 02:05:11 INFO  o.s.s.quartz.SchedulerFactoryBean - Starting Quartz Scheduler now
2025-05-04 02:05:11 INFO  org.quartz.core.QuartzScheduler - Scheduler quartzScheduler_$_NON_CLUSTERED started.
2025-05-04 02:05:11 INFO  org.example.App - Started App in 2.434 seconds (process running for 2.626)
2025-05-04 02:05:11 INFO  org.example.service.ApiTakerService - Начался опрос api 02:05:11.066257
2025-05-04 02:05:12 INFO  org.example.service.ApiTakerService - Опросился 1 сервер
2025-05-04 02:05:12 INFO  org.example.service.ApiTakerService - Опросился 2 сервер
2025-05-04 02:05:13 INFO  org.example.service.ApiTakerService - Опросился 3 сервер
2025-05-04 02:05:15 INFO  org.example.service.ApiTakerService - Опросился 4 сервер
2025-05-04 02:05:15 INFO  org.example.service.ApiTakerService - Опросился 5 сервер
2025-05-04 02:05:16 INFO  org.example.service.ApiTakerService - Опросился 6 сервер
2025-05-04 02:05:17 INFO  org.example.service.ApiTakerService - Опросился 7 сервер
2025-05-04 02:05:17 INFO  org.example.service.ApiTakerService - Опросился 8 сервер
2025-05-04 02:05:18 INFO  org.example.service.ApiTakerService - Опросился 9 сервер
2025-05-04 02:05:19 INFO  org.example.service.ApiTakerService - Опросился 10 сервер
2025-05-04 02:05:20 INFO  org.example.service.ApiTakerService - Опросился 11 сервер
2025-05-04 02:05:21 INFO  org.example.service.ApiTakerService - Опросился 12 сервер
2025-05-04 02:05:22 INFO  org.example.service.ApiTakerService - Опросился 13 сервер
2025-05-04 02:05:22 INFO  org.example.service.ApiTakerService - Опросился 14 сервер
2025-05-04 02:05:23 INFO  org.example.service.ApiTakerService - Опросился 15 сервер
2025-05-04 02:05:24 INFO  org.example.service.ApiTakerService - Опросился 16 сервер
2025-05-04 02:05:25 INFO  org.example.service.ApiTakerService - Опросился 17 сервер
2025-05-04 02:05:25 INFO  org.example.service.ApiTakerService - Опросился 18 сервер
2025-05-04 02:05:26 INFO  org.example.service.ApiTakerService - Опросился 19 сервер
2025-05-04 02:05:27 INFO  org.example.service.ApiTakerService - Опросился 20 сервер
2025-05-04 02:05:27 INFO  org.example.service.ApiTakerService - Опросился 21 сервер
2025-05-04 02:05:28 INFO  org.example.service.ApiTakerService - Опросился 22 сервер
2025-05-04 02:05:29 INFO  org.example.service.ApiTakerService - Опросился 23 сервер
2025-05-04 02:05:30 INFO  org.example.service.ApiTakerService - Опросился 24 сервер
2025-05-04 02:05:30 INFO  org.example.service.ApiTakerService - Опросился 25 сервер
2025-05-04 02:05:31 INFO  org.example.service.ApiTakerService - Опросился 26 сервер
2025-05-04 02:05:32 INFO  org.example.service.ApiTakerService - Опросился 27 сервер
2025-05-04 02:05:32 INFO  org.example.service.ApiTakerService - Опросился 28 сервер
2025-05-04 02:05:33 INFO  org.example.service.ApiTakerService - Опросился 29 сервер
2025-05-04 02:05:34 INFO  org.example.service.ApiTakerService - Опросился 30 сервер
2025-05-04 02:05:34 INFO  org.example.service.ApiTakerService - Опросился 31 сервер
2025-05-04 02:05:34 INFO  org.example.service.ApiTakerService - Опрос api успешно завершен 02:05:34.702673
2025-05-04 02:13:44 INFO  org.quartz.core.QuartzScheduler - Scheduler quartzScheduler_$_NON_CLUSTERED paused.
2025-05-04 02:13:44 INFO  o.s.s.quartz.SchedulerFactoryBean - Shutting down Quartz Scheduler
2025-05-04 02:13:44 INFO  org.quartz.core.QuartzScheduler - Scheduler quartzScheduler_$_NON_CLUSTERED shutting down.
2025-05-04 02:13:44 INFO  org.quartz.core.QuartzScheduler - Scheduler quartzScheduler_$_NON_CLUSTERED paused.
2025-05-04 02:13:44 INFO  org.quartz.core.QuartzScheduler - Scheduler quartzScheduler_$_NON_CLUSTERED shutdown complete.
2025-05-04 02:13:44 INFO  o.s.o.j.LocalContainerEntityManagerFactoryBean - Closing JPA EntityManagerFactory for persistence unit 'default'
2025-05-04 02:13:44 INFO  com.zaxxer.hikari.HikariDataSource - HikariPool-1 - Shutdown initiated...
2025-05-04 02:13:44 INFO  com.zaxxer.hikari.HikariDataSource - HikariPool-1 - Shutdown completed.
2025-05-04 02:13:46 INFO  org.example.App - Starting App using Java 21.0.6 with PID 53242 (/Users/alex/Desktop/java/репозитории/проекты/checker/target/classes started by alex in /Users/alex/Desktop/java/репозитории/проекты/checker)
2025-05-04 02:13:46 INFO  org.example.App - No active profile set, falling back to 1 default profile: "default"
2025-05-04 02:13:46 INFO  o.s.d.r.c.RepositoryConfigurationDelegate - Bootstrapping Spring Data JPA repositories in DEFAULT mode.
2025-05-04 02:13:46 INFO  o.s.d.r.c.RepositoryConfigurationDelegate - Finished Spring Data repository scanning in 22 ms. Found 2 JPA repository interfaces.
2025-05-04 02:13:46 INFO  o.h.jpa.internal.util.LogHelper - HHH000204: Processing PersistenceUnitInfo [name: default]
2025-05-04 02:13:46 INFO  org.hibernate.Version - HHH000412: Hibernate ORM core version 6.4.4.Final
2025-05-04 02:13:46 INFO  o.h.c.i.RegionFactoryInitiator - HHH000026: Second-level cache disabled
2025-05-04 02:13:46 INFO  o.s.o.j.p.SpringPersistenceUnitInfo - No LoadTimeWeaver setup: ignoring JPA class transformer
2025-05-04 02:13:46 INFO  com.zaxxer.hikari.HikariDataSource - HikariPool-1 - Starting...
2025-05-04 02:13:46 INFO  com.zaxxer.hikari.pool.HikariPool - HikariPool-1 - Added connection org.postgresql.jdbc.PgConnection@11b5f4e2
2025-05-04 02:13:46 INFO  com.zaxxer.hikari.HikariDataSource - HikariPool-1 - Start completed.
2025-05-04 02:13:46 WARN  org.hibernate.orm.deprecation - HHH90000025: PostgreSQLDialect does not need to be specified explicitly using 'hibernate.dialect' (remove the property setting and it will be selected by default)
2025-05-04 02:13:46 INFO  o.h.e.t.j.p.i.JtaPlatformInitiator - HHH000489: No JTA platform available (set 'hibernate.transaction.jta.platform' to enable JTA platform integration)
2025-05-04 02:13:47 INFO  o.s.o.j.LocalContainerEntityManagerFactoryBean - Initialized JPA EntityManagerFactory for persistence unit 'default'
2025-05-04 02:13:47 INFO  o.s.d.j.r.query.QueryEnhancerFactory - Hibernate is in classpath; If applicable, HQL parser will be used.
2025-05-04 02:13:47 INFO  org.quartz.impl.StdSchedulerFactory - Using default implementation for ThreadExecutor
2025-05-04 02:13:47 INFO  o.quartz.core.SchedulerSignalerImpl - Initialized Scheduler Signaller of type: class org.quartz.core.SchedulerSignalerImpl
2025-05-04 02:13:47 INFO  org.quartz.core.QuartzScheduler - Quartz Scheduler v.2.3.2 created.
2025-05-04 02:13:47 INFO  org.quartz.simpl.RAMJobStore - RAMJobStore initialized.
2025-05-04 02:13:47 INFO  org.quartz.core.QuartzScheduler - Scheduler meta-data: Quartz Scheduler (v2.3.2) 'quartzScheduler' with instanceId 'NON_CLUSTERED'
  Scheduler class: 'org.quartz.core.QuartzScheduler' - running locally.
  NOT STARTED.
  Currently in standby mode.
  Number of jobs executed: 0
  Using thread pool 'org.quartz.simpl.SimpleThreadPool' - with 10 threads.
  Using job-store 'org.quartz.simpl.RAMJobStore' - which does not support persistence. and is not clustered.

2025-05-04 02:13:47 INFO  org.quartz.impl.StdSchedulerFactory - Quartz scheduler 'quartzScheduler' initialized from an externally provided properties instance.
2025-05-04 02:13:47 INFO  org.quartz.impl.StdSchedulerFactory - Quartz scheduler version: 2.3.2
2025-05-04 02:13:47 INFO  org.quartz.core.QuartzScheduler - JobFactory set to: org.springframework.scheduling.quartz.SpringBeanJobFactory@63b95a30
2025-05-04 02:13:47 INFO  o.s.s.quartz.SchedulerFactoryBean - Starting Quartz Scheduler now
2025-05-04 02:13:47 INFO  org.quartz.core.QuartzScheduler - Scheduler quartzScheduler_$_NON_CLUSTERED started.
2025-05-04 02:13:47 INFO  org.example.App - Started App in 2.121 seconds (process running for 2.316)
2025-05-04 02:13:47 INFO  org.example.service.ApiTakerService - Начался опрос api 02:13:47.900088
2025-05-04 02:13:49 INFO  org.example.service.ApiTakerService - Опросился 1 сервер
2025-05-04 02:13:50 INFO  org.example.service.ApiTakerService - Опросился 2 сервер
2025-05-04 02:13:51 INFO  org.example.service.ApiTakerService - Опросился 3 сервер
2025-05-04 02:13:52 INFO  org.example.service.ApiTakerService - Опросился 4 сервер
2025-05-04 02:13:52 INFO  org.example.service.ApiTakerService - Опросился 5 сервер
2025-05-04 02:13:53 INFO  org.example.service.ApiTakerService - Опросился 6 сервер
2025-05-04 02:13:54 INFO  org.example.service.ApiTakerService - Опросился 7 сервер
2025-05-04 02:13:55 INFO  org.example.service.ApiTakerService - Опросился 8 сервер
2025-05-04 02:13:56 INFO  org.example.service.ApiTakerService - Опросился 9 сервер
2025-05-04 02:13:56 INFO  org.example.service.ApiTakerService - Опросился 10 сервер
2025-05-04 02:13:57 INFO  org.example.service.ApiTakerService - Опросился 11 сервер
2025-05-04 02:13:58 INFO  org.example.service.ApiTakerService - Опросился 12 сервер
2025-05-04 02:13:59 INFO  org.example.service.ApiTakerService - Опросился 13 сервер
2025-05-04 02:14:00 INFO  org.example.service.ApiTakerService - Опросился 14 сервер
2025-05-04 02:14:00 INFO  org.example.service.ApiTakerService - Опросился 15 сервер
2025-05-04 02:14:01 INFO  org.example.service.ApiTakerService - Опросился 16 сервер
2025-05-04 02:14:02 INFO  org.example.service.ApiTakerService - Опросился 17 сервер
2025-05-04 02:14:03 INFO  org.example.service.ApiTakerService - Опросился 18 сервер
2025-05-04 02:14:04 INFO  org.example.service.ApiTakerService - Опросился 19 сервер
2025-05-04 02:14:04 INFO  org.example.service.ApiTakerService - Опросился 20 сервер
2025-05-04 02:14:05 INFO  org.example.service.ApiTakerService - Опросился 21 сервер
2025-05-04 02:14:06 INFO  org.example.service.ApiTakerService - Опросился 22 сервер
2025-05-04 02:14:07 INFO  org.example.service.ApiTakerService - Опросился 23 сервер
2025-05-04 02:14:07 INFO  org.example.service.ApiTakerService - Опросился 24 сервер
2025-05-04 02:14:08 INFO  org.example.service.ApiTakerService - Опросился 25 сервер
2025-05-04 02:14:09 INFO  org.example.service.ApiTakerService - Опросился 26 сервер
2025-05-04 02:14:10 INFO  org.example.service.ApiTakerService - Опросился 27 сервер
2025-05-04 02:14:10 INFO  org.example.service.ApiTakerService - Опросился 28 сервер
2025-05-04 02:14:11 INFO  org.example.service.ApiTakerService - Опросился 29 сервер
2025-05-04 02:14:12 INFO  org.example.service.ApiTakerService - Опросился 30 сервер
2025-05-04 02:14:13 INFO  org.example.service.ApiTakerService - Опросился 31 сервер
2025-05-04 02:14:13 INFO  org.example.service.ApiTakerService - Опрос api успешно завершен 02:14:13.351272
2025-05-04 02:23:59 INFO  org.quartz.core.QuartzScheduler - Scheduler quartzScheduler_$_NON_CLUSTERED paused.
2025-05-04 02:23:59 INFO  o.s.s.quartz.SchedulerFactoryBean - Shutting down Quartz Scheduler
2025-05-04 02:23:59 INFO  org.quartz.core.QuartzScheduler - Scheduler quartzScheduler_$_NON_CLUSTERED shutting down.
2025-05-04 02:23:59 INFO  org.quartz.core.QuartzScheduler - Scheduler quartzScheduler_$_NON_CLUSTERED paused.
2025-05-04 02:23:59 INFO  org.quartz.core.QuartzScheduler - Scheduler quartzScheduler_$_NON_CLUSTERED shutdown complete.
2025-05-04 02:23:59 INFO  o.s.o.j.LocalContainerEntityManagerFactoryBean - Closing JPA EntityManagerFactory for persistence unit 'default'
2025-05-04 02:23:59 INFO  com.zaxxer.hikari.HikariDataSource - HikariPool-1 - Shutdown initiated...
2025-05-04 02:23:59 INFO  com.zaxxer.hikari.HikariDataSource - HikariPool-1 - Shutdown completed.
2025-05-04 02:24:01 INFO  org.example.App - Starting App using Java 21.0.6 with PID 53381 (/Users/alex/Desktop/java/репозитории/проекты/checker/target/classes started by alex in /Users/alex/Desktop/java/репозитории/проекты/checker)
2025-05-04 02:24:01 INFO  org.example.App - No active profile set, falling back to 1 default profile: "default"
2025-05-04 02:24:01 INFO  o.s.d.r.c.RepositoryConfigurationDelegate - Bootstrapping Spring Data JPA repositories in DEFAULT mode.
2025-05-04 02:24:01 INFO  o.s.d.r.c.RepositoryConfigurationDelegate - Finished Spring Data repository scanning in 20 ms. Found 2 JPA repository interfaces.
2025-05-04 02:24:01 INFO  o.h.jpa.internal.util.LogHelper - HHH000204: Processing PersistenceUnitInfo [name: default]
2025-05-04 02:24:01 INFO  org.hibernate.Version - HHH000412: Hibernate ORM core version 6.4.4.Final
2025-05-04 02:24:01 INFO  o.h.c.i.RegionFactoryInitiator - HHH000026: Second-level cache disabled
2025-05-04 02:24:01 INFO  o.s.o.j.p.SpringPersistenceUnitInfo - No LoadTimeWeaver setup: ignoring JPA class transformer
2025-05-04 02:24:01 INFO  com.zaxxer.hikari.HikariDataSource - HikariPool-1 - Starting...
2025-05-04 02:24:02 INFO  com.zaxxer.hikari.pool.HikariPool - HikariPool-1 - Added connection org.postgresql.jdbc.PgConnection@58feb6b0
2025-05-04 02:24:02 INFO  com.zaxxer.hikari.HikariDataSource - HikariPool-1 - Start completed.
2025-05-04 02:24:02 WARN  org.hibernate.orm.deprecation - HHH90000025: PostgreSQLDialect does not need to be specified explicitly using 'hibernate.dialect' (remove the property setting and it will be selected by default)
2025-05-04 02:24:02 INFO  o.h.e.t.j.p.i.JtaPlatformInitiator - HHH000489: No JTA platform available (set 'hibernate.transaction.jta.platform' to enable JTA platform integration)
2025-05-04 02:24:02 INFO  o.s.o.j.LocalContainerEntityManagerFactoryBean - Initialized JPA EntityManagerFactory for persistence unit 'default'
2025-05-04 02:24:02 INFO  o.s.d.j.r.query.QueryEnhancerFactory - Hibernate is in classpath; If applicable, HQL parser will be used.
2025-05-04 02:24:03 INFO  org.quartz.impl.StdSchedulerFactory - Using default implementation for ThreadExecutor
2025-05-04 02:24:03 INFO  o.quartz.core.SchedulerSignalerImpl - Initialized Scheduler Signaller of type: class org.quartz.core.SchedulerSignalerImpl
2025-05-04 02:24:03 INFO  org.quartz.core.QuartzScheduler - Quartz Scheduler v.2.3.2 created.
2025-05-04 02:24:03 INFO  org.quartz.simpl.RAMJobStore - RAMJobStore initialized.
2025-05-04 02:24:03 INFO  org.quartz.core.QuartzScheduler - Scheduler meta-data: Quartz Scheduler (v2.3.2) 'quartzScheduler' with instanceId 'NON_CLUSTERED'
  Scheduler class: 'org.quartz.core.QuartzScheduler' - running locally.
  NOT STARTED.
  Currently in standby mode.
  Number of jobs executed: 0
  Using thread pool 'org.quartz.simpl.SimpleThreadPool' - with 10 threads.
  Using job-store 'org.quartz.simpl.RAMJobStore' - which does not support persistence. and is not clustered.

2025-05-04 02:24:03 INFO  org.quartz.impl.StdSchedulerFactory - Quartz scheduler 'quartzScheduler' initialized from an externally provided properties instance.
2025-05-04 02:24:03 INFO  org.quartz.impl.StdSchedulerFactory - Quartz scheduler version: 2.3.2
2025-05-04 02:24:03 INFO  org.quartz.core.QuartzScheduler - JobFactory set to: org.springframework.scheduling.quartz.SpringBeanJobFactory@293ccbdd
2025-05-04 02:24:03 INFO  o.s.s.quartz.SchedulerFactoryBean - Starting Quartz Scheduler now
2025-05-04 02:24:03 INFO  org.quartz.core.QuartzScheduler - Scheduler quartzScheduler_$_NON_CLUSTERED started.
2025-05-04 02:24:03 INFO  org.example.App - Started App in 2.247 seconds (process running for 2.471)
2025-05-04 02:24:03 INFO  org.example.service.ApiTakerService - Начался опрос api 02:24:03.364972
2025-05-04 02:24:04 INFO  org.example.service.ApiTakerService - Опросился 1 сервер
2025-05-04 02:24:05 INFO  org.example.service.ApiTakerService - Опросился 2 сервер
2025-05-04 02:24:06 INFO  org.example.service.ApiTakerService - Опросился 3 сервер
2025-05-04 02:24:07 INFO  org.example.service.ApiTakerService - Опросился 4 сервер
2025-05-04 02:24:08 INFO  org.example.service.ApiTakerService - Опросился 5 сервер
2025-05-04 02:24:12 INFO  org.example.service.ApiTakerService - Опросился 6 сервер
2025-05-04 02:24:13 INFO  org.example.service.ApiTakerService - Опросился 7 сервер
2025-05-04 02:24:14 INFO  org.example.service.ApiTakerService - Опросился 8 сервер
2025-05-04 02:24:15 INFO  org.example.service.ApiTakerService - Опросился 9 сервер
2025-05-04 02:24:16 INFO  org.example.service.ApiTakerService - Опросился 10 сервер
2025-05-04 02:24:17 INFO  org.example.service.ApiTakerService - Опросился 11 сервер
2025-05-04 02:24:17 INFO  org.example.service.ApiTakerService - Опросился 12 сервер
2025-05-04 02:24:18 INFO  org.example.service.ApiTakerService - Опросился 13 сервер
2025-05-04 02:24:19 INFO  org.example.service.ApiTakerService - Опросился 14 сервер
2025-05-04 02:24:20 INFO  org.example.service.ApiTakerService - Опросился 15 сервер
2025-05-04 02:24:20 INFO  org.example.service.ApiTakerService - Опросился 16 сервер
2025-05-04 02:24:21 INFO  org.example.service.ApiTakerService - Опросился 17 сервер
2025-05-04 02:24:22 INFO  org.example.service.ApiTakerService - Опросился 18 сервер
2025-05-04 02:24:23 INFO  org.example.service.ApiTakerService - Опросился 19 сервер
2025-05-04 02:24:23 INFO  org.example.service.ApiTakerService - Опросился 20 сервер
2025-05-04 02:24:24 INFO  org.example.service.ApiTakerService - Опросился 21 сервер
2025-05-04 02:24:25 INFO  org.example.service.ApiTakerService - Опросился 22 сервер
2025-05-04 02:24:26 INFO  org.example.service.ApiTakerService - Опросился 23 сервер
2025-05-04 02:24:27 INFO  org.example.service.ApiTakerService - Опросился 24 сервер
2025-05-04 02:24:27 INFO  org.example.service.ApiTakerService - Опросился 25 сервер
2025-05-04 02:24:28 INFO  org.example.service.ApiTakerService - Опросился 26 сервер
2025-05-04 02:24:29 INFO  org.example.service.ApiTakerService - Опросился 27 сервер
2025-05-04 02:24:30 INFO  org.example.service.ApiTakerService - Опросился 28 сервер
2025-05-04 02:24:31 INFO  org.example.service.ApiTakerService - Опросился 29 сервер
2025-05-04 02:24:31 INFO  org.example.service.ApiTakerService - Опросился 30 сервер
2025-05-04 02:24:32 INFO  org.example.service.ApiTakerService - Опросился 31 сервер
2025-05-04 02:24:32 INFO  org.example.service.ApiTakerService - Опрос api успешно завершен 02:24:32.716394
2025-05-04 02:26:52 INFO  org.quartz.core.QuartzScheduler - Scheduler quartzScheduler_$_NON_CLUSTERED paused.
2025-05-04 02:26:52 INFO  o.s.s.quartz.SchedulerFactoryBean - Shutting down Quartz Scheduler
2025-05-04 02:26:52 INFO  org.quartz.core.QuartzScheduler - Scheduler quartzScheduler_$_NON_CLUSTERED shutting down.
2025-05-04 02:26:52 INFO  org.quartz.core.QuartzScheduler - Scheduler quartzScheduler_$_NON_CLUSTERED paused.
2025-05-04 02:26:52 INFO  org.quartz.core.QuartzScheduler - Scheduler quartzScheduler_$_NON_CLUSTERED shutdown complete.
2025-05-04 02:26:52 INFO  o.s.o.j.LocalContainerEntityManagerFactoryBean - Closing JPA EntityManagerFactory for persistence unit 'default'
2025-05-04 02:26:52 INFO  com.zaxxer.hikari.HikariDataSource - HikariPool-1 - Shutdown initiated...
2025-05-04 02:26:52 INFO  com.zaxxer.hikari.HikariDataSource - HikariPool-1 - Shutdown completed.
